Log file opened on Sat Nov 22 18:22:25 2025
Host: DESKTOP-CTM7UNL  pid: 742  rank ID: 0  number of ranks:  1
                      :-) GROMACS - gmx mdrun, 2018.1 (-:

                            GROMACS is written by:
     Emile Apol      Rossen Apostolov      Paul Bauer     Herman J.C. Berendsen
    Par Bjelkmar    Aldert van Buuren   Rudi van Drunen     Anton Feenstra  
  Gerrit Groenhof    Aleksei Iupinov   Christoph Junghans   Anca Hamuraru   
 Vincent Hindriksen Dimitrios Karkoulis    Peter Kasson        Jiri Kraus    
  Carsten Kutzner      Per Larsson      Justin A. Lemkul    Viveca Lindahl  
  Magnus Lundborg   Pieter Meulenhoff    Erik Marklund      Teemu Murtola   
    Szilard Pall       Sander Pronk      Roland Schulz     Alexey Shvetsov  
   Michael Shirts     Alfons Sijbers     Peter Tieleman    Teemu Virolainen 
 Christian Wennberg    Maarten Wolf   
                           and the project leaders:
        Mark Abraham, Berk Hess, Erik Lindahl, and David van der Spoel

Copyright (c) 1991-2000, University of Groningen, The Netherlands.
Copyright (c) 2001-2017, The GROMACS development team at
Uppsala University, Stockholm University and
the Royal Institute of Technology, Sweden.
check out http://www.gromacs.org for more information.

GROMACS is free software; you can redistribute it and/or modify it
under the terms of the GNU Lesser General Public License
as published by the Free Software Foundation; either version 2.1
of the License, or (at your option) any later version.

GROMACS:      gmx mdrun, version 2018.1
Executable:   /usr/bin/gmx
Data prefix:  /usr
Working dir:  /mnt/c/Users/dietr/PycharmProjects/MDPinn/gromacs
Command line:
  gmx mdrun -deffnm npt

GROMACS version:    2018.1
Precision:          single
Memory model:       64 bit
MPI library:        thread_mpi
OpenMP support:     enabled (GMX_OPENMP_MAX_THREADS = 64)
GPU support:        disabled
SIMD instructions:  SSE2
FFT library:        fftw-3.3.7-sse2-avx
RDTSCP usage:       disabled
TNG support:        enabled
Hwloc support:      hwloc-1.11.6
Tracing support:    disabled
Built on:           2018-03-31 17:12:46
Built by:           buildd@debian [CMAKE]
Build OS/arch:      Linux x86_64
Build CPU vendor:   Intel
Build CPU brand:    Westmere E56xx/L56xx/X56xx (Nehalem-C)
Build CPU family:   6   Model: 44   Stepping: 1
Build CPU features: aes apic clfsh cmov cx8 cx16 intel lahf mmx msr pcid pclmuldq pdpe1gb popcnt pse rdtscp sse2 sse3 sse4.1 sse4.2 ssse3 x2apic
C compiler:         /usr/bin/cc GNU 7.3.0
C compiler flags:    -msse2   -g -O2 -fdebug-prefix-map=/build/gromacs-Fqu8ou/gromacs-2018.1=. -fstack-protector-strong -Wformat -Werror=format-security -Wdate-time -D_FORTIFY_SOURCE=2  -O3 -DNDEBUG -funroll-all-loops -fexcess-precision=fast  
C++ compiler:       /usr/bin/c++ GNU 7.3.0
C++ compiler flags:  -msse2   -g -O2 -fdebug-prefix-map=/build/gromacs-Fqu8ou/gromacs-2018.1=. -fstack-protector-strong -Wformat -Werror=format-security -Wdate-time -D_FORTIFY_SOURCE=2 -std=c++11   -O3 -DNDEBUG -funroll-all-loops -fexcess-precision=fast  


Running on 1 node with total 6 cores, 12 logical cores
Hardware detected:
  CPU info:
    Vendor: AMD
    Brand:  AMD Ryzen 5 3600X 6-Core Processor             
    Family: 23   Model: 113   Stepping: 0
    Features: aes amd apic avx avx2 clfsh cmov cx8 cx16 f16c fma htt lahf misalignsse mmx msr nonstop_tsc pclmuldq pdpe1gb popcnt pse rdrnd rdtscp sha sse2 sse3 sse4a sse4.1 sse4.2 ssse3
  Hardware topology: Basic
    Sockets, cores, and logical processors:
      Socket  0: [   0   1] [   2   3] [   4   5] [   6   7] [   8   9] [  10  11]

Highest SIMD level requested by all nodes in run: AVX2_128
SIMD instructions selected at compile time:       SSE2
This program was compiled for different hardware than you are running on,
which could influence performance.
The current CPU can measure timings more accurately than the code in
gmx mdrun was configured to use. This might affect your simulation
speed as accurate timings are needed for load-balancing.
Please consider rebuilding gmx mdrun with the GMX_USE_RDTSCP=ON CMake option.

++++ PLEASE READ AND CITE THE FOLLOWING REFERENCE ++++
M. J. Abraham, T. Murtola, R. Schulz, S. Páll, J. C. Smith, B. Hess, E.
Lindahl
GROMACS: High performance molecular simulations through multi-level
parallelism from laptops to supercomputers
SoftwareX 1 (2015) pp. 19-25
-------- -------- --- Thank You --- -------- --------


++++ PLEASE READ AND CITE THE FOLLOWING REFERENCE ++++
S. Páll, M. J. Abraham, C. Kutzner, B. Hess, E. Lindahl
Tackling Exascale Software Challenges in Molecular Dynamics Simulations with
GROMACS
In S. Markidis & E. Laure (Eds.), Solving Software Challenges for Exascale 8759 (2015) pp. 3-27
-------- -------- --- Thank You --- -------- --------


++++ PLEASE READ AND CITE THE FOLLOWING REFERENCE ++++
S. Pronk, S. Páll, R. Schulz, P. Larsson, P. Bjelkmar, R. Apostolov, M. R.
Shirts, J. C. Smith, P. M. Kasson, D. van der Spoel, B. Hess, and E. Lindahl
GROMACS 4.5: a high-throughput and highly parallel open source molecular
simulation toolkit
Bioinformatics 29 (2013) pp. 845-54
-------- -------- --- Thank You --- -------- --------


++++ PLEASE READ AND CITE THE FOLLOWING REFERENCE ++++
B. Hess and C. Kutzner and D. van der Spoel and E. Lindahl
GROMACS 4: Algorithms for highly efficient, load-balanced, and scalable
molecular simulation
J. Chem. Theory Comput. 4 (2008) pp. 435-447
-------- -------- --- Thank You --- -------- --------


++++ PLEASE READ AND CITE THE FOLLOWING REFERENCE ++++
D. van der Spoel, E. Lindahl, B. Hess, G. Groenhof, A. E. Mark and H. J. C.
Berendsen
GROMACS: Fast, Flexible and Free
J. Comp. Chem. 26 (2005) pp. 1701-1719
-------- -------- --- Thank You --- -------- --------


++++ PLEASE READ AND CITE THE FOLLOWING REFERENCE ++++
E. Lindahl and B. Hess and D. van der Spoel
GROMACS 3.0: A package for molecular simulation and trajectory analysis
J. Mol. Mod. 7 (2001) pp. 306-317
-------- -------- --- Thank You --- -------- --------


++++ PLEASE READ AND CITE THE FOLLOWING REFERENCE ++++
H. J. C. Berendsen, D. van der Spoel and R. van Drunen
GROMACS: A message-passing parallel molecular dynamics implementation
Comp. Phys. Comm. 91 (1995) pp. 43-56
-------- -------- --- Thank You --- -------- --------

Input Parameters:
   integrator                     = md
   tinit                          = 0
   dt                             = 0.002
   nsteps                         = 50000
   init-step                      = 0
   simulation-part                = 1
   comm-mode                      = Linear
   nstcomm                        = 100
   bd-fric                        = 0
   ld-seed                        = 848229621
   emtol                          = 10
   emstep                         = 0.01
   niter                          = 20
   fcstep                         = 0
   nstcgsteep                     = 1000
   nbfgscorr                      = 10
   rtpi                           = 0.05
   nstxout                        = 0
   nstvout                        = 0
   nstfout                        = 100
   nstlog                         = 1000
   nstcalcenergy                  = 100
   nstenergy                      = 100
   nstxout-compressed             = 100
   compressed-x-precision         = 1000
   cutoff-scheme                  = Verlet
   nstlist                        = 10
   ns-type                        = Grid
   pbc                            = xyz
   periodic-molecules             = false
   verlet-buffer-tolerance        = 0.005
   rlist                          = 1
   coulombtype                    = PME
   coulomb-modifier               = Potential-shift
   rcoulomb-switch                = 0
   rcoulomb                       = 1
   epsilon-r                      = 1
   epsilon-rf                     = inf
   vdw-type                       = Cut-off
   vdw-modifier                   = Potential-shift
   rvdw-switch                    = 0
   rvdw                           = 1
   DispCorr                       = No
   table-extension                = 1
   fourierspacing                 = 0.12
   fourier-nx                     = 20
   fourier-ny                     = 20
   fourier-nz                     = 20
   pme-order                      = 4
   ewald-rtol                     = 1e-05
   ewald-rtol-lj                  = 0.001
   lj-pme-comb-rule               = Geometric
   ewald-geometry                 = 0
   epsilon-surface                = 0
   implicit-solvent               = No
   gb-algorithm                   = Still
   nstgbradii                     = 1
   rgbradii                       = 1
   gb-epsilon-solvent             = 80
   gb-saltconc                    = 0
   gb-obc-alpha                   = 1
   gb-obc-beta                    = 0.8
   gb-obc-gamma                   = 4.85
   gb-dielectric-offset           = 0.009
   sa-algorithm                   = Ace-approximation
   sa-surface-tension             = 2.05016
   tcoupl                         = V-rescale
   nsttcouple                     = 10
   nh-chain-length                = 0
   print-nose-hoover-chain-variables = false
   pcoupl                         = Parrinello-Rahman
   pcoupltype                     = Isotropic
   nstpcouple                     = 10
   tau-p                          = 2
   compressibility (3x3):
      compressibility[    0]={ 4.50000e-05,  0.00000e+00,  0.00000e+00}
      compressibility[    1]={ 0.00000e+00,  4.50000e-05,  0.00000e+00}
      compressibility[    2]={ 0.00000e+00,  0.00000e+00,  4.50000e-05}
   ref-p (3x3):
      ref-p[    0]={ 1.00000e+00,  0.00000e+00,  0.00000e+00}
      ref-p[    1]={ 0.00000e+00,  1.00000e+00,  0.00000e+00}
      ref-p[    2]={ 0.00000e+00,  0.00000e+00,  1.00000e+00}
   refcoord-scaling               = No
   posres-com (3):
      posres-com[0]= 0.00000e+00
      posres-com[1]= 0.00000e+00
      posres-com[2]= 0.00000e+00
   posres-comB (3):
      posres-comB[0]= 0.00000e+00
      posres-comB[1]= 0.00000e+00
      posres-comB[2]= 0.00000e+00
   QMMM                           = false
   QMconstraints                  = 0
   QMMMscheme                     = 0
   MMChargeScaleFactor            = 1
qm-opts:
   ngQM                           = 0
   constraint-algorithm           = Lincs
   continuation                   = false
   Shake-SOR                      = false
   shake-tol                      = 0.0001
   lincs-order                    = 4
   lincs-iter                     = 1
   lincs-warnangle                = 30
   nwall                          = 0
   wall-type                      = 9-3
   wall-r-linpot                  = -1
   wall-atomtype[0]               = -1
   wall-atomtype[1]               = -1
   wall-density[0]                = 0
   wall-density[1]                = 0
   wall-ewald-zfac                = 3
   pull                           = false
   awh                            = false
   rotation                       = false
   interactiveMD                  = false
   disre                          = No
   disre-weighting                = Conservative
   disre-mixed                    = false
   dr-fc                          = 1000
   dr-tau                         = 0
   nstdisreout                    = 100
   orire-fc                       = 0
   orire-tau                      = 0
   nstorireout                    = 100
   free-energy                    = no
   cos-acceleration               = 0
   deform (3x3):
      deform[    0]={ 0.00000e+00,  0.00000e+00,  0.00000e+00}
      deform[    1]={ 0.00000e+00,  0.00000e+00,  0.00000e+00}
      deform[    2]={ 0.00000e+00,  0.00000e+00,  0.00000e+00}
   simulated-tempering            = false
   swapcoords                     = no
   userint1                       = 0
   userint2                       = 0
   userint3                       = 0
   userint4                       = 0
   userreal1                      = 0
   userreal2                      = 0
   userreal3                      = 0
   userreal4                      = 0
   applied-forces:
     electric-field:
       x:
         E0                       = 0
         omega                    = 0
         t0                       = 0
         sigma                    = 0
       y:
         E0                       = 0
         omega                    = 0
         t0                       = 0
         sigma                    = 0
       z:
         E0                       = 0
         omega                    = 0
         t0                       = 0
         sigma                    = 0
grpopts:
   nrdf:        2079
   ref-t:         298
   tau-t:         0.1
annealing:          No
annealing-npoints:           0
   acc:	           0           0           0
   nfreeze:           N           N           N
   energygrp-flags[  0]: 0

Changing nstlist from 10 to 25, rlist from 1 to 1.051


Using 1 MPI thread
Using 12 OpenMP threads 

Pinning threads with an auto-selected logical core stride of 1
System total charge: 0.000
Will do PME sum in reciprocal space for electrostatic interactions.

++++ PLEASE READ AND CITE THE FOLLOWING REFERENCE ++++
U. Essmann, L. Perera, M. L. Berkowitz, T. Darden, H. Lee and L. G. Pedersen 
A smooth particle mesh Ewald method
J. Chem. Phys. 103 (1995) pp. 8577-8592
-------- -------- --- Thank You --- -------- --------

Using a Gaussian width (1/beta) of 0.320163 nm for Ewald
Potential shift: LJ r^-12: -1.000e+00 r^-6: -1.000e+00, Ewald -1.000e-05
Initialized non-bonded Ewald correction tables, spacing: 9.33e-04 size: 1073


Using SIMD 4x4 nonbonded short-range kernels

Using a dual 4x4 pair-list setup updated with dynamic pruning:
  outer list: updated every 25 steps, buffer 0.051 nm, rlist 1.051 nm
  inner list: updated every 11 steps, buffer 0.001 nm, rlist 1.001 nm
At tolerance 0.005 kJ/mol/ps per atom, equivalent classical 1x1 list would be:
  outer list: updated every 25 steps, buffer 0.134 nm, rlist 1.134 nm
  inner list: updated every 11 steps, buffer 0.043 nm, rlist 1.043 nm

Using geometric Lennard-Jones combination rule

Removing pbc first time

++++ PLEASE READ AND CITE THE FOLLOWING REFERENCE ++++
S. Miyamoto and P. A. Kollman
SETTLE: An Analytical Version of the SHAKE and RATTLE Algorithms for Rigid
Water Models
J. Comp. Chem. 13 (1992) pp. 952-962
-------- -------- --- Thank You --- -------- --------


Intra-simulation communication will occur every 5 steps.
Center of mass motion removal mode is Linear
We have the following groups for center of mass motion removal:
  0:  rest

++++ PLEASE READ AND CITE THE FOLLOWING REFERENCE ++++
G. Bussi, D. Donadio and M. Parrinello
Canonical sampling through velocity rescaling
J. Chem. Phys. 126 (2007) pp. 014101
-------- -------- --- Thank You --- -------- --------

There are: 1041 Atoms

Constraining the starting coordinates (step 0)

Constraining the coordinates at t0-dt (step 0)
RMS relative constraint deviation after constraining: 0.00e+00
Initial temperature: 295.586 K

Started mdrun on rank 0 Sat Nov 22 18:22:26 2025
           Step           Time
              0        0.00000

   Energies (kJ/mol)
        LJ (SR)   Coulomb (SR)   Coul. recip.      Potential    Kinetic En.
    3.21751e+03   -1.93905e+04    6.47251e+01   -1.61082e+04    2.54931e+03
   Total Energy  Conserved En.    Temperature Pressure (bar)
   -1.35589e+04   -1.35583e+04    2.94960e+02    6.66603e+02

           Step           Time
           1000        2.00000

   Energies (kJ/mol)
        LJ (SR)   Coulomb (SR)   Coul. recip.      Potential    Kinetic En.
    3.27844e+03   -1.95313e+04    8.05517e+01   -1.61724e+04    2.63024e+03
   Total Energy  Conserved En.    Temperature Pressure (bar)
   -1.35421e+04   -1.35583e+04    3.04325e+02    5.63179e+02

           Step           Time
           2000        4.00000

   Energies (kJ/mol)
        LJ (SR)   Coulomb (SR)   Coul. recip.      Potential    Kinetic En.
    3.20390e+03   -1.96383e+04    6.73651e+01   -1.63670e+04    2.44623e+03
   Total Energy  Conserved En.    Temperature Pressure (bar)
   -1.39208e+04   -1.35574e+04    2.83034e+02   -3.13683e+02

           Step           Time
           3000        6.00000

   Energies (kJ/mol)
        LJ (SR)   Coulomb (SR)   Coul. recip.      Potential    Kinetic En.
    3.15067e+03   -1.93302e+04    9.21023e+01   -1.60875e+04    2.64664e+03
   Total Energy  Conserved En.    Temperature Pressure (bar)
   -1.34408e+04   -1.35580e+04    3.06221e+02   -3.85140e+02

           Step           Time
           4000        8.00000

   Energies (kJ/mol)
        LJ (SR)   Coulomb (SR)   Coul. recip.      Potential    Kinetic En.
    3.22322e+03   -1.94375e+04    8.15031e+01   -1.61328e+04    2.53155e+03
   Total Energy  Conserved En.    Temperature Pressure (bar)
   -1.36013e+04   -1.35559e+04    2.92905e+02   -6.52613e+02

           Step           Time
           5000       10.00000

   Energies (kJ/mol)
        LJ (SR)   Coulomb (SR)   Coul. recip.      Potential    Kinetic En.
    3.26240e+03   -1.94468e+04    8.70117e+01   -1.60974e+04    2.61198e+03
   Total Energy  Conserved En.    Temperature Pressure (bar)
   -1.34854e+04   -1.35533e+04    3.02211e+02    3.63431e+02

           Step           Time
           6000       12.00000

   Energies (kJ/mol)
        LJ (SR)   Coulomb (SR)   Coul. recip.      Potential    Kinetic En.
    3.17876e+03   -1.93716e+04    6.98113e+01   -1.61230e+04    2.56501e+03
   Total Energy  Conserved En.    Temperature Pressure (bar)
   -1.35580e+04   -1.35545e+04    2.96778e+02    9.49789e+01

           Step           Time
           7000       14.00000

   Energies (kJ/mol)
        LJ (SR)   Coulomb (SR)   Coul. recip.      Potential    Kinetic En.
    3.07769e+03   -1.92551e+04    8.14161e+01   -1.60959e+04    2.72255e+03
   Total Energy  Conserved En.    Temperature Pressure (bar)
   -1.33734e+04   -1.35528e+04    3.15005e+02   -7.96968e+02

           Step           Time
           8000       16.00000

   Energies (kJ/mol)
        LJ (SR)   Coulomb (SR)   Coul. recip.      Potential    Kinetic En.
    3.24102e+03   -1.94266e+04    1.09066e+02   -1.60765e+04    2.58892e+03
   Total Energy  Conserved En.    Temperature Pressure (bar)
   -1.34876e+04   -1.35519e+04    2.99543e+02    1.72915e+02

           Step           Time
           9000       18.00000

   Energies (kJ/mol)
        LJ (SR)   Coulomb (SR)   Coul. recip.      Potential    Kinetic En.
    3.35201e+03   -1.96268e+04    7.62743e+01   -1.61985e+04    2.50745e+03
   Total Energy  Conserved En.    Temperature Pressure (bar)
   -1.36911e+04   -1.35507e+04    2.90117e+02    6.61328e+02

           Step           Time
          10000       20.00000

   Energies (kJ/mol)
        LJ (SR)   Coulomb (SR)   Coul. recip.      Potential    Kinetic En.
    3.20995e+03   -1.94407e+04    8.13014e+01   -1.61495e+04    2.57713e+03
   Total Energy  Conserved En.    Temperature Pressure (bar)
   -1.35723e+04   -1.35495e+04    2.98179e+02    3.65759e+02

           Step           Time
          11000       22.00000

   Energies (kJ/mol)
        LJ (SR)   Coulomb (SR)   Coul. recip.      Potential    Kinetic En.
    3.13641e+03   -1.92962e+04    7.86920e+01   -1.60811e+04    2.55064e+03
   Total Energy  Conserved En.    Temperature Pressure (bar)
   -1.35305e+04   -1.35494e+04    2.95115e+02   -2.19251e+02

           Step           Time
          12000       24.00000

   Energies (kJ/mol)
        LJ (SR)   Coulomb (SR)   Coul. recip.      Potential    Kinetic En.
    2.99935e+03   -1.92259e+04    8.13124e+01   -1.61452e+04    2.64949e+03
   Total Energy  Conserved En.    Temperature Pressure (bar)
   -1.34957e+04   -1.35501e+04    3.06552e+02   -7.32352e+02

           Step           Time
          13000       26.00000

   Energies (kJ/mol)
        LJ (SR)   Coulomb (SR)   Coul. recip.      Potential    Kinetic En.
    3.23476e+03   -1.95738e+04    8.18224e+01   -1.62572e+04    2.61046e+03
   Total Energy  Conserved En.    Temperature Pressure (bar)
   -1.36467e+04   -1.35489e+04    3.02036e+02    1.39404e+00

           Step           Time
          14000       28.00000

   Energies (kJ/mol)
        LJ (SR)   Coulomb (SR)   Coul. recip.      Potential    Kinetic En.
    3.42175e+03   -1.98242e+04    8.33508e+01   -1.63191e+04    2.60579e+03
   Total Energy  Conserved En.    Temperature Pressure (bar)
   -1.37133e+04   -1.35489e+04    3.01495e+02    4.02567e+02

           Step           Time
          15000       30.00000

   Energies (kJ/mol)
        LJ (SR)   Coulomb (SR)   Coul. recip.      Potential    Kinetic En.
    3.14157e+03   -1.93126e+04    7.96278e+01   -1.60914e+04    2.59866e+03
   Total Energy  Conserved En.    Temperature Pressure (bar)
   -1.34928e+04   -1.35495e+04    3.00671e+02   -6.65337e+02

           Step           Time
          16000       32.00000

   Energies (kJ/mol)
        LJ (SR)   Coulomb (SR)   Coul. recip.      Potential    Kinetic En.
    3.46676e+03   -1.98844e+04    6.70086e+01   -1.63506e+04    2.67644e+03
   Total Energy  Conserved En.    Temperature Pressure (bar)
   -1.36742e+04   -1.35525e+04    3.09670e+02    8.52841e+02

           Step           Time
          17000       34.00000

   Energies (kJ/mol)
        LJ (SR)   Coulomb (SR)   Coul. recip.      Potential    Kinetic En.
    3.10488e+03   -1.93068e+04    8.08969e+01   -1.61211e+04    2.51869e+03
   Total Energy  Conserved En.    Temperature Pressure (bar)
   -1.36024e+04   -1.35491e+04    2.91418e+02   -3.61429e+02

           Step           Time
          18000       36.00000

   Energies (kJ/mol)
        LJ (SR)   Coulomb (SR)   Coul. recip.      Potential    Kinetic En.
    3.20636e+03   -1.95129e+04    6.99874e+01   -1.62365e+04    2.57708e+03
   Total Energy  Conserved En.    Temperature Pressure (bar)
   -1.36594e+04   -1.35395e+04    2.98174e+02    2.00060e+02

           Step           Time
          19000       38.00000

   Energies (kJ/mol)
        LJ (SR)   Coulomb (SR)   Coul. recip.      Potential    Kinetic En.
    3.30870e+03   -1.97281e+04    7.13681e+01   -1.63480e+04    2.53373e+03
   Total Energy  Conserved En.    Temperature Pressure (bar)
   -1.38143e+04   -1.35375e+04    2.93158e+02   -2.42779e+02

           Step           Time
          20000       40.00000

   Energies (kJ/mol)
        LJ (SR)   Coulomb (SR)   Coul. recip.      Potential    Kinetic En.
    3.20095e+03   -1.94801e+04    9.87643e+01   -1.61804e+04    2.44519e+03
   Total Energy  Conserved En.    Temperature Pressure (bar)
   -1.37352e+04   -1.35388e+04    2.82914e+02   -3.68447e+02

           Step           Time
          21000       42.00000

   Energies (kJ/mol)
        LJ (SR)   Coulomb (SR)   Coul. recip.      Potential    Kinetic En.
    3.23316e+03   -1.95081e+04    9.92038e+01   -1.61757e+04    2.51784e+03
   Total Energy  Conserved En.    Temperature Pressure (bar)
   -1.36579e+04   -1.35383e+04    2.91319e+02    8.08122e+01

           Step           Time
          22000       44.00000

   Energies (kJ/mol)
        LJ (SR)   Coulomb (SR)   Coul. recip.      Potential    Kinetic En.
    3.25686e+03   -1.96295e+04    9.28784e+01   -1.62798e+04    2.60275e+03
   Total Energy  Conserved En.    Temperature Pressure (bar)
   -1.36770e+04   -1.35392e+04    3.01144e+02   -2.20295e+02

           Step           Time
          23000       46.00000

   Energies (kJ/mol)
        LJ (SR)   Coulomb (SR)   Coul. recip.      Potential    Kinetic En.
    3.33617e+03   -1.96051e+04    6.68180e+01   -1.62021e+04    2.66178e+03
   Total Energy  Conserved En.    Temperature Pressure (bar)
   -1.35403e+04   -1.35386e+04    3.07973e+02    7.00226e+02

           Step           Time
          24000       48.00000

   Energies (kJ/mol)
        LJ (SR)   Coulomb (SR)   Coul. recip.      Potential    Kinetic En.
    3.07061e+03   -1.92555e+04    7.93317e+01   -1.61056e+04    2.61317e+03
   Total Energy  Conserved En.    Temperature Pressure (bar)
   -1.34924e+04   -1.35340e+04    3.02349e+02   -5.81994e+02

           Step           Time
          25000       50.00000

   Energies (kJ/mol)
        LJ (SR)   Coulomb (SR)   Coul. recip.      Potential    Kinetic En.
    3.10949e+03   -1.93057e+04    9.73497e+01   -1.60989e+04    2.73308e+03
   Total Energy  Conserved En.    Temperature Pressure (bar)
   -1.33658e+04   -1.35342e+04    3.16223e+02   -1.48179e+02

           Step           Time
          26000       52.00000

   Energies (kJ/mol)
        LJ (SR)   Coulomb (SR)   Coul. recip.      Potential    Kinetic En.
    3.40703e+03   -1.94861e+04    6.68400e+01   -1.60122e+04    2.58509e+03
   Total Energy  Conserved En.    Temperature Pressure (bar)
   -1.34271e+04   -1.35324e+04    2.99100e+02    1.59163e+03

           Step           Time
          27000       54.00000

   Energies (kJ/mol)
        LJ (SR)   Coulomb (SR)   Coul. recip.      Potential    Kinetic En.
    3.06740e+03   -1.94128e+04    7.72411e+01   -1.62682e+04    2.47851e+03
   Total Energy  Conserved En.    Temperature Pressure (bar)
   -1.37897e+04   -1.35312e+04    2.86769e+02   -6.25287e+02

           Step           Time
          28000       56.00000

   Energies (kJ/mol)
        LJ (SR)   Coulomb (SR)   Coul. recip.      Potential    Kinetic En.
    3.13403e+03   -1.92951e+04    8.19956e+01   -1.60791e+04    2.49092e+03
   Total Energy  Conserved En.    Temperature Pressure (bar)
   -1.35882e+04   -1.35315e+04    2.88204e+02    2.10023e+01

           Step           Time
          29000       58.00000

   Energies (kJ/mol)
        LJ (SR)   Coulomb (SR)   Coul. recip.      Potential    Kinetic En.
    3.32964e+03   -1.94844e+04    7.34859e+01   -1.60812e+04    2.53206e+03
   Total Energy  Conserved En.    Temperature Pressure (bar)
   -1.35492e+04   -1.35316e+04    2.92964e+02    1.21931e+03

           Step           Time
          30000       60.00000

   Energies (kJ/mol)
        LJ (SR)   Coulomb (SR)   Coul. recip.      Potential    Kinetic En.
    3.34463e+03   -1.94810e+04    9.10235e+01   -1.60454e+04    2.56901e+03
   Total Energy  Conserved En.    Temperature Pressure (bar)
   -1.34764e+04   -1.35297e+04    2.97240e+02    7.92836e+02

           Step           Time
          31000       62.00000

   Energies (kJ/mol)
        LJ (SR)   Coulomb (SR)   Coul. recip.      Potential    Kinetic En.
    3.18634e+03   -1.93483e+04    9.46865e+01   -1.60673e+04    2.64731e+03
   Total Energy  Conserved En.    Temperature Pressure (bar)
   -1.34199e+04   -1.35273e+04    3.06299e+02    4.61300e+02

           Step           Time
          32000       64.00000

   Energies (kJ/mol)
        LJ (SR)   Coulomb (SR)   Coul. recip.      Potential    Kinetic En.
    3.21121e+03   -1.94152e+04    8.10708e+01   -1.61229e+04    2.49865e+03
   Total Energy  Conserved En.    Temperature Pressure (bar)
   -1.36243e+04   -1.35259e+04    2.89099e+02    2.16563e+02

           Step           Time
          33000       66.00000

   Energies (kJ/mol)
        LJ (SR)   Coulomb (SR)   Coul. recip.      Potential    Kinetic En.
    3.27856e+03   -1.94376e+04    8.95313e+01   -1.60696e+04    2.58759e+03
   Total Energy  Conserved En.    Temperature Pressure (bar)
   -1.34820e+04   -1.35286e+04    2.99389e+02    3.06198e+02

           Step           Time
          34000       68.00000

   Energies (kJ/mol)
        LJ (SR)   Coulomb (SR)   Coul. recip.      Potential    Kinetic En.
    3.50193e+03   -1.98569e+04    6.79497e+01   -1.62871e+04    2.62642e+03
   Total Energy  Conserved En.    Temperature Pressure (bar)
   -1.36606e+04   -1.35259e+04    3.03883e+02    1.50081e+03

           Step           Time
          35000       70.00000

   Energies (kJ/mol)
        LJ (SR)   Coulomb (SR)   Coul. recip.      Potential    Kinetic En.
    3.34489e+03   -1.95191e+04    7.21201e+01   -1.61021e+04    2.65283e+03
   Total Energy  Conserved En.    Temperature Pressure (bar)
   -1.34493e+04   -1.35299e+04    3.06938e+02    9.03623e+02

           Step           Time
          36000       72.00000

   Energies (kJ/mol)
        LJ (SR)   Coulomb (SR)   Coul. recip.      Potential    Kinetic En.
    3.18683e+03   -1.93536e+04    7.78965e+01   -1.60889e+04    2.51646e+03
   Total Energy  Conserved En.    Temperature Pressure (bar)
   -1.35724e+04   -1.35244e+04    2.91160e+02    5.38659e+01

           Step           Time
          37000       74.00000

   Energies (kJ/mol)
        LJ (SR)   Coulomb (SR)   Coul. recip.      Potential    Kinetic En.
    2.90959e+03   -1.89812e+04    7.44501e+01   -1.59971e+04    2.59208e+03
   Total Energy  Conserved En.    Temperature Pressure (bar)
   -1.34051e+04   -1.35251e+04    2.99910e+02   -1.39206e+03

           Step           Time
          38000       76.00000

   Energies (kJ/mol)
        LJ (SR)   Coulomb (SR)   Coul. recip.      Potential    Kinetic En.
    3.34979e+03   -1.97002e+04    7.25697e+01   -1.62778e+04    2.58366e+03
   Total Energy  Conserved En.    Temperature Pressure (bar)
   -1.36941e+04   -1.35222e+04    2.98935e+02    6.69571e+02

           Step           Time
          39000       78.00000

   Energies (kJ/mol)
        LJ (SR)   Coulomb (SR)   Coul. recip.      Potential    Kinetic En.
    3.26721e+03   -1.95565e+04    7.37200e+01   -1.62156e+04    2.48104e+03
   Total Energy  Conserved En.    Temperature Pressure (bar)
   -1.37345e+04   -1.35202e+04    2.87061e+02    2.33505e+02

           Step           Time
          40000       80.00000

   Energies (kJ/mol)
        LJ (SR)   Coulomb (SR)   Coul. recip.      Potential    Kinetic En.
    3.14036e+03   -1.96181e+04    6.56188e+01   -1.64121e+04    2.56712e+03
   Total Energy  Conserved En.    Temperature Pressure (bar)
   -1.38450e+04   -1.35202e+04    2.97021e+02   -1.20652e+03

           Step           Time
          41000       82.00000

   Energies (kJ/mol)
        LJ (SR)   Coulomb (SR)   Coul. recip.      Potential    Kinetic En.
    3.36891e+03   -1.95782e+04    9.63579e+01   -1.61129e+04    2.54386e+03
   Total Energy  Conserved En.    Temperature Pressure (bar)
   -1.35691e+04   -1.35189e+04    2.94330e+02    5.56148e+02

           Step           Time
          42000       84.00000

   Energies (kJ/mol)
        LJ (SR)   Coulomb (SR)   Coul. recip.      Potential    Kinetic En.
    3.20196e+03   -1.95771e+04    8.00047e+01   -1.62952e+04    2.53756e+03
   Total Energy  Conserved En.    Temperature Pressure (bar)
   -1.37576e+04   -1.35195e+04    2.93601e+02    6.56947e+01

           Step           Time
          43000       86.00000

   Energies (kJ/mol)
        LJ (SR)   Coulomb (SR)   Coul. recip.      Potential    Kinetic En.
    3.19017e+03   -1.94467e+04    7.55695e+01   -1.61809e+04    2.49870e+03
   Total Energy  Conserved En.    Temperature Pressure (bar)
   -1.36822e+04   -1.35190e+04    2.89105e+02    6.27159e+01

           Step           Time
          44000       88.00000

   Energies (kJ/mol)
        LJ (SR)   Coulomb (SR)   Coul. recip.      Potential    Kinetic En.
    3.21998e+03   -1.95619e+04    6.98902e+01   -1.62721e+04    2.51903e+03
   Total Energy  Conserved En.    Temperature Pressure (bar)
   -1.37530e+04   -1.35209e+04    2.91457e+02    2.93048e+02

           Step           Time
          45000       90.00000

   Energies (kJ/mol)
        LJ (SR)   Coulomb (SR)   Coul. recip.      Potential    Kinetic En.
    3.31411e+03   -1.92817e+04    1.01220e+02   -1.58663e+04    2.47491e+03
   Total Energy  Conserved En.    Temperature Pressure (bar)
   -1.33914e+04   -1.35193e+04    2.86352e+02    1.01239e+03

           Step           Time
          46000       92.00000

   Energies (kJ/mol)
        LJ (SR)   Coulomb (SR)   Coul. recip.      Potential    Kinetic En.
    3.33192e+03   -1.95200e+04    8.85614e+01   -1.60995e+04    2.64947e+03
   Total Energy  Conserved En.    Temperature Pressure (bar)
   -1.34500e+04   -1.35226e+04    3.06549e+02    6.96202e+02

           Step           Time
          47000       94.00000

   Energies (kJ/mol)
        LJ (SR)   Coulomb (SR)   Coul. recip.      Potential    Kinetic En.
    3.04621e+03   -1.91968e+04    8.66144e+01   -1.60640e+04    2.71684e+03
   Total Energy  Conserved En.    Temperature Pressure (bar)
   -1.33472e+04   -1.35215e+04    3.14345e+02   -1.20482e+03

           Step           Time
          48000       96.00000

   Energies (kJ/mol)
        LJ (SR)   Coulomb (SR)   Coul. recip.      Potential    Kinetic En.
    2.95822e+03   -1.89614e+04    7.18038e+01   -1.59314e+04    2.57744e+03
   Total Energy  Conserved En.    Temperature Pressure (bar)
   -1.33540e+04   -1.35220e+04    2.98215e+02   -9.19451e+02

           Step           Time
          49000       98.00000

   Energies (kJ/mol)
        LJ (SR)   Coulomb (SR)   Coul. recip.      Potential    Kinetic En.
    3.33538e+03   -1.95209e+04    8.96461e+01   -1.60958e+04    2.47874e+03
   Total Energy  Conserved En.    Temperature Pressure (bar)
   -1.36171e+04   -1.35165e+04    2.86796e+02    1.25463e+03

           Step           Time
          50000      100.00000

Writing checkpoint, step 50000 at Sat Nov 22 18:31:17 2025


   Energies (kJ/mol)
        LJ (SR)   Coulomb (SR)   Coul. recip.      Potential    Kinetic En.
    3.02182e+03   -1.90874e+04    8.57050e+01   -1.59799e+04    2.59875e+03
   Total Energy  Conserved En.    Temperature Pressure (bar)
   -1.33812e+04   -1.35160e+04    3.00681e+02   -3.74235e+02

	<======  ###############  ==>
	<====  A V E R A G E S  ====>
	<==  ###############  ======>

	Statistics over 50001 steps using 501 frames

   Energies (kJ/mol)
        LJ (SR)   Coulomb (SR)   Coul. recip.      Potential    Kinetic En.
    3.20347e+03   -1.94067e+04    8.05348e+01   -1.61227e+04    2.57623e+03
   Total Energy  Conserved En.    Temperature Pressure (bar)
   -1.35465e+04   -1.35364e+04    2.98075e+02   -9.71946e+00

          Box-X          Box-Y          Box-Z
    2.18959e+00    2.18959e+00    2.18959e+00

   Total Virial (kJ/mol)
    8.80081e+02   -1.03654e+01   -5.66190e+00
   -1.03686e+01    8.51637e+02   -1.39462e+01
   -5.68031e+00   -1.39523e+01    8.58534e+02

   Pressure (bar)
   -6.64673e+01    3.32893e+01    9.77457e+00
    3.32993e+01    2.85553e+01    4.51134e+01
    9.83277e+00    4.51337e+01    8.75362e+00


	M E G A - F L O P S   A C C O U N T I N G

 NB=Group-cutoff nonbonded kernels    NxN=N-by-N cluster Verlet kernels
 RF=Reaction-Field  VdW=Van der Waals  QSTab=quadratic-spline table
 W3=SPC/TIP3p  W4=TIP4p (single or pairs)
 V&F=Potential and force  V=Potential only  F=Force only

 Computing:                               M-Number         M-Flops  % Flops
-----------------------------------------------------------------------------
 Pair Search distance check             634.182010        5707.638     0.6
 NxN QSTab Elec. + LJ [F]             11809.771416      484200.628    47.4
 NxN QSTab Elec. + LJ [V&F]             119.501448        7050.585     0.7
 NxN QSTab Elec. [F]                  11637.187368      395664.371    38.8
 NxN QSTab Elec. [V&F]                  117.774936        4828.772     0.5
 Calc Weights                           156.153123        5621.512     0.6
 Spread Q Bspline                      3331.266624        6662.533     0.7
 Gather F Bspline                      3331.266624       19987.600     2.0
 3D-FFT                               10372.807452       82982.460     8.1
 Solve PME                               20.000400        1280.026     0.1
 Shift-X                                  2.083041          12.498     0.0
 Virial                                   5.431086          97.760     0.0
 Stop-CM                                  0.522582           5.226     0.0
 Calc-Ekin                               20.822082         562.196     0.1
 Constraint-V                            52.052082         416.417     0.0
 Constraint-Vir                           5.206041         124.945     0.0
 Settle                                  17.351041        5604.386     0.5
-----------------------------------------------------------------------------
 Total                                                 1020809.553   100.0
-----------------------------------------------------------------------------


     R E A L   C Y C L E   A N D   T I M E   A C C O U N T I N G

On 1 MPI rank, each using 12 OpenMP threads

 Computing:          Num   Num      Call    Wall time         Giga-Cycles
                     Ranks Threads  Count      (s)         total sum    %
-----------------------------------------------------------------------------
 Neighbor search        1   12       2001       5.384        245.517   1.0
 Force                  1   12      50001      42.694       1946.835   8.0
 PME mesh               1   12      50001     281.772      12848.782  53.1
 NB X/F buffer ops.     1   12      98001      96.930       4420.009  18.3
 Write traj.            1   12        501       0.151          6.871   0.0
 Update                 1   12      50001      56.322       2568.264  10.6
 Constraints            1   12      50001      28.610       1304.608   5.4
 Rest                                          19.198        875.451   3.6
-----------------------------------------------------------------------------
 Total                                        531.060      24216.337 100.0
-----------------------------------------------------------------------------
 Breakdown of PME mesh computation
-----------------------------------------------------------------------------
 PME spread             1   12      50001      99.464       4535.577  18.7
 PME gather             1   12      50001     104.192       4751.159  19.6
 PME 3D-FFT             1   12     100002      62.516       2850.730  11.8
 PME solve Elec         1   12      50001       0.140          6.403   0.0
-----------------------------------------------------------------------------

               Core t (s)   Wall t (s)        (%)
       Time:     6372.720      531.060     1200.0
                 (ns/day)    (hour/ns)
Performance:       16.270        1.475
Finished mdrun on rank 0 Sat Nov 22 18:31:17 2025
